Added Component: Designator=J9(FP-2130830005-MFG)
Add component (AddParameter): Name = "Contact Material"; Value = "Gold, Nickel"; VariantName = "[No Variations]"
Add component (AddParameter): Name = "Country of Origin"; Value = "CN"; VariantName = "[No Variations]"
Add component (AddParameter): Name = "Current Rating"; Value = "5A"; VariantName = "[No Variations]"
Add component (AddParameter): Name = "Gender"; Value = "Receptacle"; VariantName = "[No Variations]"
Add component (AddParameter): Name = "Max Operating Temperature"; Value = "85°C"; VariantName = "[No Variations]"
Add component (AddParameter): Name = "Min Operating Temperature"; Value = "-40°C"; VariantName = "[No Variations]"
Add component (AddParameter): Name = "NexarPartId"; Value = "114105384"; VariantName = "[No Variations]"
Add component (AddParameter): Name = "Number of Contacts"; Value = "16"; VariantName = "[No Variations]"
Add component (AddParameter): Name = "Schedule B"; Value = "8536695050, 8536695050"; VariantName = "[No Variations]"
Add component (AddParameter): Name = "USB Standard"; Value = "USB 2.0"; VariantName = "[No Variations]"
Add component (AddParameter): Name = "Voltage Rating"; Value = "30V"; VariantName = "[No Variations]"
Added Pin To Net: NetName=NetJ9_1 Pin=J9-1
Added Pin To Net: NetName=NetJ9_1 Pin=J9-1
Added Pin To Net: NetName=NetJ9_1 Pin=J9-2
Added Pin To Net: NetName=NetJ9_1 Pin=J9-2
Added Pin To Net: NetName=NetJ9_1 Pin=J9-3
Added Pin To Net: NetName=NetJ9_1 Pin=J9-4
Added Pin To Net: NetName=GND Pin=J9-A1
Added Pin To Net: NetName=5VBUS Pin=J9-A4
Added Pin To Net: NetName=NetJ9_A5 Pin=J9-A5
Added Pin To Net: NetName=NetJ9_A6 Pin=J9-A6
Added Pin To Net: NetName=NetJ9_A7 Pin=J9-A7
Added Pin To Net: NetName=5VBUS Pin=J9-A9
Added Pin To Net: NetName=GND Pin=J9-A12
Added Pin To Net: NetName=GND Pin=J9-B1
Added Pin To Net: NetName=5VBUS Pin=J9-B4
Added Pin To Net: NetName=NetJ9_B5 Pin=J9-B5
Added Pin To Net: NetName=NetJ9_A6 Pin=J9-B6
Added Pin To Net: NetName=NetJ9_A7 Pin=J9-B7
Added Pin To Net: NetName=5VBUS Pin=J9-B9
Added Pin To Net: NetName=GND Pin=J9-B12
Added Member To Class: ClassName=PCB_USB_UART Member=Component J9 213083-0005
