Removed Pin From Net: NetName=NetP1_2 Pin=P1-2
Removed Pin From Net: NetName=GND Pin=P1-4
Removed Pin From Net: NetName=+3V3 Pin=P1-5
Removed Pin From Net: NetName=NetP1_7 Pin=P1-7
Removed Member From Class: ClassName=ESP8266_final Member=P1
Add component: Footprint Not Found PCBComponent_1
Add component: Footprint Not Found CAPPR65-350-1150X800X1250
Add component: Footprint Not Found CAPPR55-200-1100X500X1200
Add component: Footprint Not Found CAPPR55-200-1100X500X1200
Add component: Footprint Not Found CAPPR55-200-1100X500X1200
Add component: Footprint Not Found CAPPR55-200-1100X500X1200
Add component: Footprint Not Found CAPPR55-200-1100X500X1200
Add component: Footprint Not Found SOIC127P790X216-8N
Add component: Footprint Not Found ESP01
Add component: Footprint Not Found 691210910004
Add component: Footprint Not Found SOT96P240X110-3N
Add component: Footprint Not Found RESC2013X50X35ML15T15
Add component: Footprint Not Found RESC2013X50X35ML15T15
Add component: Footprint Not Found RESC2013X50X35ML15T15
Add component: Footprint Not Found RESC2013X50X35ML15T15
Add component: Footprint Not Found RESC2013X50X35ML15T15
Add component: Footprint Not Found RESC2013X50X35ML15T15
Add component: Footprint Not Found RESC2013X50X35ML15T15
Add component: Footprint Not Found ABLS
Added Component: Designator=Y?(FP-ABM8-MFG)
Add component (AddParameter): Name = "Case/Package"; Value = "CSMD"; VariantName = "[No Variations]"
Add component (AddParameter): Name = "Depth"; Value = "2.5mm"; VariantName = "[No Variations]"
Add component (AddParameter): Name = "ESR (Equivalent Series Resistance)"; Value = "50R"; VariantName = "[No Variations]"
Add component (AddParameter): Name = "Frequency"; Value = "26MHz"; VariantName = "[No Variations]"
Add component (AddParameter): Name = "Frequency Stability"; Value = "10ppm"; VariantName = "[No Variations]"
Add component (AddParameter): Name = "Frequency Tolerance"; Value = "10ppm"; VariantName = "[No Variations]"
Add component (AddParameter): Name = "Height"; Value = "0.031inch"; VariantName = "[No Variations]"
Add component (AddParameter): Name = "Lead Free"; Value = "Lead Free"; VariantName = "[No Variations]"
Add component (AddParameter): Name = "Length"; Value = "3.2mm"; VariantName = "[No Variations]"
Add component (AddParameter): Name = "Load Capacitance"; Value = "10pF"; VariantName = "[No Variations]"
Add component (AddParameter): Name = "Max Operating Temperature"; Value = "60°C"; VariantName = "[No Variations]"
Add component (AddParameter): Name = "Min Operating Temperature"; Value = "-10°C"; VariantName = "[No Variations]"
Add component (AddParameter): Name = "Mount"; Value = "Surface Mount"; VariantName = "[No Variations]"
Add component (AddParameter): Name = "Number of Pins"; Value = "4"; VariantName = "[No Variations]"
Add component (AddParameter): Name = "Operating Frequency"; Value = "26 MHz"; VariantName = "[No Variations]"
Add component (AddParameter): Name = "Package Quantity"; Value = "1000"; VariantName = "[No Variations]"
Add component (AddParameter): Name = "Packaging"; Value = "Tape and Reel"; VariantName = "[No Variations]"
Add component (AddParameter): Name = "REACH SVHC"; Value = "No SVHC"; VariantName = "[No Variations]"
Add component (AddParameter): Name = "Resistor Type"; Value = "Ceramic"; VariantName = "[No Variations]"
Add component (AddParameter): Name = "Series"; Value = "ABM8"; VariantName = "[No Variations]"
Add component (AddParameter): Name = "Series Resistance"; Value = "50R"; VariantName = "[No Variations]"
Add component (AddParameter): Name = "Termination"; Value = "SMD/SMT"; VariantName = "[No Variations]"
Add component (AddParameter): Name = "Tolerance"; Value = "10ppm"; VariantName = "[No Variations]"
Add component (AddParameter): Name = "Width"; Value = "2.5mm"; VariantName = "[No Variations]"
Add Pin To Net: Unknown Pin: Pin *1-1
Add Pin To Net: Unknown Pin: Pin *1-2
Add Pin To Net: Unknown Pin: Pin C30-1
Add Pin To Net: Unknown Pin: Pin C30-2
Add Pin To Net: Unknown Pin: Pin C34-1
Add Pin To Net: Unknown Pin: Pin C34-2
Add Pin To Net: Unknown Pin: Pin C36-1
Add Pin To Net: Unknown Pin: Pin C36-2
Add Pin To Net: Unknown Pin: Pin C47-1
Add Pin To Net: Unknown Pin: Pin C47-2
Add Pin To Net: Unknown Pin: Pin C48-1
Add Pin To Net: Unknown Pin: Pin C48-2
Add Pin To Net: Unknown Pin: Pin C51-1
Add Pin To Net: Unknown Pin: Pin C51-2
Add Pin To Net: Unknown Pin: Pin IC1-1
Add Pin To Net: Unknown Pin: Pin IC1-2
Add Pin To Net: Unknown Pin: Pin IC1-3
Add Pin To Net: Unknown Pin: Pin IC1-4
Add Pin To Net: Unknown Pin: Pin IC1-5
Add Pin To Net: Unknown Pin: Pin IC1-6
Add Pin To Net: Unknown Pin: Pin IC1-7
Add Pin To Net: Unknown Pin: Pin IC1-8
Add Pin To Net: Unknown Pin: Pin IC2-1
Add Pin To Net: Unknown Pin: Pin IC2-3
Add Pin To Net: Unknown Pin: Pin IC2-6
Add Pin To Net: Unknown Pin: Pin IC2-8
Add Pin To Net: Unknown Pin: Pin J1-1
Add Pin To Net: Unknown Pin: Pin J1-2
Add Pin To Net: Unknown Pin: Pin J1-3
Add Pin To Net: Unknown Pin: Pin J1-4
Add Pin To Net: Unknown Pin: Pin J1-5
Add Pin To Net: Unknown Pin: Pin Q1-1
Add Pin To Net: Unknown Pin: Pin Q1-2
Add Pin To Net: Unknown Pin: Pin R3-1
Add Pin To Net: Unknown Pin: Pin R3-2
Add Pin To Net: Unknown Pin: Pin R4-1
Add Pin To Net: Unknown Pin: Pin R4-2
Add Pin To Net: Unknown Pin: Pin R6-1
Add Pin To Net: Unknown Pin: Pin R6-2
Add Pin To Net: Unknown Pin: Pin R7-2
Add Pin To Net: Unknown Pin: Pin R11-1
Add Pin To Net: Unknown Pin: Pin R11-2
Add Pin To Net: Unknown Pin: Pin R14-1
Add Pin To Net: Unknown Pin: Pin R14-2
Add Pin To Net: Unknown Pin: Pin R15-1
Add Pin To Net: Unknown Pin: Pin R15-2
Add Pin To Net: Unknown Pin: Pin Y3-1
Add Pin To Net: Unknown Pin: Pin Y3-2
Added Pin To Net: NetName=NetC3_1 Pin=Y?-1
Added Pin To Net: NetName=GND Pin=Y?-2
Added Pin To Net: NetName=NetC1_1 Pin=Y?-3
Added Pin To Net: NetName=GND Pin=Y?-4
Change Net Name : Old Net Name=NetP1_2 New Net Name=NetIC2_3
Change Net Name : Old Net Name=NetP1_7 New Net Name=NetIC2_6
Added Pin To Net: NetName=NetIC2_2 Pin=U1-14
Added Net: Name=NetIC2_2
Added Pin To Net: NetName=NetIC2_4 Pin=U1-26
Added Pin To Net: NetName=NetIC2_4 Pin=U6-10
Added Net: Name=NetIC2_4
Added Pin To Net: NetName=NetIC2_5 Pin=U6-6
Added Net: Name=NetIC2_5
Added Pin To Net: NetName=NetR1_2 Pin=R1-2
Added Pin To Net: NetName=NetR1_2 Pin=U1-25
Added Net: Name=NetR1_2
Add Class Member: Failed to add class member : Component *1 RF_ESP8266
Add Class Member: Failed to add class member : Component C30 ECA1HM101
Add Class Member: Failed to add class member : Component C34 ECA1HM100
Add Class Member: Failed to add class member : Component C36 ECA1HM220
Add Class Member: Failed to add class member : Component C47 ECA1HM4R7
Add Class Member: Failed to add class member : Component C48 ECA1HM4R7
Add Class Member: Failed to add class member : Component C51 ECA1HM4R7
Add Class Member: Failed to add class member : Component IC1 W25Q128JVSQ
Add Class Member: Failed to add class member : Component IC2 ESP-01
Add Class Member: Failed to add class member : Component J1 691210910004
Add Class Member: Failed to add class member : Component Q1 DMN2041L-7
Add Class Member: Failed to add class member : Component R3 Resistor 10k +/-1% 0805 125 mW
Add Class Member: Failed to add class member : Component R4 Resistor 10k +/-1% 0805 125 mW
Add Class Member: Failed to add class member : Component R6 Resistor 10k +/-1% 0805 125 mW
Add Class Member: Failed to add class member : Component R7 Resistor 10k +/-1% 0805 125 mW
Add Class Member: Failed to add class member : Component R11 Resistor 10k +/-1% 0805 125 mW
Add Class Member: Failed to add class member : Component R14 Resistor 10k +/-1% 0805 125 mW
Add Class Member: Failed to add class member : Component R15 Resistor 10k +/-1% 0805 125 mW
Add Class Member: Failed to add class member : Component Y3 ABLS2-12.000MHZ-B4Y-T
Added Member To Class: ClassName=ESP8266_final Member=Component Y? ABM8-26.000MHZ-10-1-U-T
