Added Pin To Net: NetName=+3V3 Pin=C2-1
Added Pin To Net: NetName=+3V3 Pin=C5-2
Added Pin To Net: NetName=+3V3 Pin=C6-2
Added Pin To Net: NetName=+3V3 Pin=C7-1
Added Pin To Net: NetName=+3V3 Pin=C8-1
Added Pin To Net: NetName=+3V3 Pin=C20-2
Added Pin To Net: NetName=+3V3 Pin=C21-2
Added Pin To Net: NetName=+3V3 Pin=C22-2
Added Pin To Net: NetName=+3V3 Pin=C23-2
Added Pin To Net: NetName=+3V3 Pin=C24-2
Added Pin To Net: NetName=+3V3 Pin=C27-2
Added Pin To Net: NetName=+3V3 Pin=C33-2
Added Pin To Net: NetName=+3V3 Pin=C34-2
Added Pin To Net: NetName=+3V3 Pin=C37-2
Added Pin To Net: NetName=+3V3 Pin=C43-2
Added Pin To Net: NetName=+3V3 Pin=C44-2
Added Pin To Net: NetName=+3V3 Pin=C45-2
Added Pin To Net: NetName=+3V3 Pin=C46-2
Added Pin To Net: NetName=+3V3 Pin=C53-2
Added Pin To Net: NetName=+3V3 Pin=C54-2
Added Pin To Net: NetName=+3V3 Pin=C55-2
Added Pin To Net: NetName=+3V3 Pin=D1-1
Added Pin To Net: NetName=+3V3 Pin=FB1-1
Added Pin To Net: NetName=+3V3 Pin=FB2-1
Added Pin To Net: NetName=+3V3 Pin=IC2-1
Added Pin To Net: NetName=+3V3 Pin=IC3-1
Added Pin To Net: NetName=+3V3 Pin=IC3-13
Added Pin To Net: NetName=+3V3 Pin=IC3-19
Added Pin To Net: NetName=+3V3 Pin=IC3-32
Added Pin To Net: NetName=+3V3 Pin=IC3-48
Added Pin To Net: NetName=+3V3 Pin=IC3-64
Added Pin To Net: NetName=+3V3 Pin=J8-1
Added Pin To Net: NetName=+3V3 Pin=L1-1
Added Pin To Net: NetName=+3V3 Pin=P4-1
Added Pin To Net: NetName=+3V3 Pin=P4-2
Added Pin To Net: NetName=+3V3 Pin=P5-1
Added Pin To Net: NetName=+3V3 Pin=P5-2
Added Pin To Net: NetName=+3V3 Pin=P10-1
Added Pin To Net: NetName=+3V3 Pin=P10-2
Added Pin To Net: NetName=+3V3 Pin=P14-9
Added Pin To Net: NetName=+3V3 Pin=P14-10
Added Pin To Net: NetName=+3V3 Pin=P15-1
Added Pin To Net: NetName=+3V3 Pin=P15-2
Added Pin To Net: NetName=+3V3 Pin=R4-2
Added Pin To Net: NetName=+3V3 Pin=R6-2
Added Pin To Net: NetName=+3V3 Pin=R7-2
Added Pin To Net: NetName=+3V3 Pin=R8-2
Added Pin To Net: NetName=+3V3 Pin=R30-2
Added Pin To Net: NetName=+3V3 Pin=R31-2
Added Pin To Net: NetName=+3V3 Pin=R32-2
Added Pin To Net: NetName=+3V3 Pin=R33-2
Added Pin To Net: NetName=+3V3 Pin=R34-2
Added Pin To Net: NetName=+3V3 Pin=R35-2
Added Pin To Net: NetName=+3V3 Pin=R36-1
Added Pin To Net: NetName=+3V3 Pin=R44-2
Added Pin To Net: NetName=+3V3 Pin=R49-2
Added Pin To Net: NetName=+3V3 Pin=R53-1
Added Pin To Net: NetName=+3V3 Pin=R56-2
Added Pin To Net: NetName=+3V3 Pin=R57-2
Added Pin To Net: NetName=+3V3 Pin=R60-2
Added Pin To Net: NetName=+3V3 Pin=SW3-2
Added Pin To Net: NetName=+3V3 Pin=SW5-1
Added Pin To Net: NetName=+3V3 Pin=U1-1
Added Pin To Net: NetName=+3V3 Pin=U1-29
Added Pin To Net: NetName=+3V3 Pin=U1-30
Added Pin To Net: NetName=+3V3 Pin=U4-5
Added Pin To Net: NetName=+3V3 Pin=U4-8
Added Pin To Net: NetName=+3V3 Pin=U6-8
Added Pin To Net: NetName=+3V3 Pin=U7-7
Added Pin To Net: NetName=+3V3 Pin=U9-20
Added Pin To Net: NetName=+3V3 Pin=U9-31
Added Pin To Net: NetName=+3V3 Pin=U9-42
Added Pin To Net: NetName=+3V3 Pin=U9-50
Added Pin To Net: NetName=+3V3 Pin=U9-56
Added Pin To Net: NetName=+3V3 Pin=U10-14
Added Pin To Net: NetName=+3V3 Pin=U11-6
Added Net: Name=+3V3
Added Pin To Net: NetName=+5V Pin=C15-2
Added Pin To Net: NetName=+5V Pin=C17-2
Added Pin To Net: NetName=+5V Pin=J2-3
Added Pin To Net: NetName=+5V Pin=J3-1
Added Pin To Net: NetName=+5V Pin=J7-3
Added Pin To Net: NetName=+5V Pin=U3-3
Added Net: Name=+5V
Added Pin To Net: NetName=+12V Pin=C12-2
Added Pin To Net: NetName=+12V Pin=C13-2
Added Pin To Net: NetName=+12V Pin=C16-2
Added Pin To Net: NetName=+12V Pin=J4-1
Added Pin To Net: NetName=+12V Pin=J5-1
Added Pin To Net: NetName=+12V Pin=J6-1
Added Pin To Net: NetName=+12V Pin=U2-1
Added Pin To Net: NetName=+12V Pin=U3-1
Added Net: Name=+12V
Added Pin To Net: NetName=3V3AKKU Pin=C4-1
Added Pin To Net: NetName=3V3AKKU Pin=C11-2
Added Pin To Net: NetName=3V3AKKU Pin=C14-2
Added Pin To Net: NetName=3V3AKKU Pin=C39-2
Added Pin To Net: NetName=3V3AKKU Pin=U2-3
Added Pin To Net: NetName=3V3AKKU Pin=U7-6
Added Net: Name=3V3AKKU
Added Pin To Net: NetName=3V3BUS Pin=C29-2
Added Pin To Net: NetName=3V3BUS Pin=C32-2
Added Pin To Net: NetName=3V3BUS Pin=C38-2
Added Pin To Net: NetName=3V3BUS Pin=R37-2
Added Pin To Net: NetName=3V3BUS Pin=U5-5
Added Pin To Net: NetName=3V3BUS Pin=U7-8
Added Pin To Net: NetName=3V3BUS Pin=U9-59
Added Net: Name=3V3BUS
Added Pin To Net: NetName=5VBUS Pin=C28-2
Added Pin To Net: NetName=5VBUS Pin=C30-2
Added Pin To Net: NetName=5VBUS Pin=C31-2
Added Pin To Net: NetName=5VBUS Pin=C35-2
Added Pin To Net: NetName=5VBUS Pin=J9-A4
Added Pin To Net: NetName=5VBUS Pin=J9-A9
Added Pin To Net: NetName=5VBUS Pin=J9-B4
Added Pin To Net: NetName=5VBUS Pin=J9-B9
Added Pin To Net: NetName=5VBUS Pin=U5-1
Added Net: Name=5VBUS
Added Pin To Net: NetName=GND Pin=C1-2
Added Pin To Net: NetName=GND Pin=C3-2
Added Pin To Net: NetName=GND Pin=C4-2
Added Pin To Net: NetName=GND Pin=C5-1
Added Pin To Net: NetName=GND Pin=C6-1
Added Pin To Net: NetName=GND Pin=C7-2
Added Pin To Net: NetName=GND Pin=C8-2
Added Pin To Net: NetName=GND Pin=C10-1
Added Pin To Net: NetName=GND Pin=C11-1
Added Pin To Net: NetName=GND Pin=C12-1
Added Pin To Net: NetName=GND Pin=C13-1
Added Pin To Net: NetName=GND Pin=C14-1
Added Pin To Net: NetName=GND Pin=C15-1
Added Pin To Net: NetName=GND Pin=C16-1
Added Pin To Net: NetName=GND Pin=C17-1
Added Pin To Net: NetName=GND Pin=C18-2
Added Pin To Net: NetName=GND Pin=C19-2
Added Pin To Net: NetName=GND Pin=C20-1
Added Pin To Net: NetName=GND Pin=C21-1
Added Pin To Net: NetName=GND Pin=C22-1
Added Pin To Net: NetName=GND Pin=C23-1
Added Pin To Net: NetName=GND Pin=C24-1
Added Pin To Net: NetName=GND Pin=C25-1
Added Pin To Net: NetName=GND Pin=C26-1
Added Pin To Net: NetName=GND Pin=C27-1
Added Pin To Net: NetName=GND Pin=C28-1
Added Pin To Net: NetName=GND Pin=C29-1
Added Pin To Net: NetName=GND Pin=C30-1
Added Pin To Net: NetName=GND Pin=C31-1
Added Pin To Net: NetName=GND Pin=C32-1
Added Pin To Net: NetName=GND Pin=C33-1
Added Pin To Net: NetName=GND Pin=C34-1
Added Pin To Net: NetName=GND Pin=C35-1
Added Pin To Net: NetName=GND Pin=C36-2
Added Pin To Net: NetName=GND Pin=C37-1
Added Pin To Net: NetName=GND Pin=C38-1
Added Pin To Net: NetName=GND Pin=C39-1
Added Pin To Net: NetName=GND Pin=C40-1
Added Pin To Net: NetName=GND Pin=C41-1
Added Pin To Net: NetName=GND Pin=C42-1
Added Pin To Net: NetName=GND Pin=C43-1
Added Pin To Net: NetName=GND Pin=C44-1
Added Pin To Net: NetName=GND Pin=C45-1
Added Pin To Net: NetName=GND Pin=C46-1
Added Pin To Net: NetName=GND Pin=C47-2
Added Pin To Net: NetName=GND Pin=C48-2
Added Pin To Net: NetName=GND Pin=C49-1
Added Pin To Net: NetName=GND Pin=C50-1
Added Pin To Net: NetName=GND Pin=C52-1
Added Pin To Net: NetName=GND Pin=C53-1
Added Pin To Net: NetName=GND Pin=C54-1
Added Pin To Net: NetName=GND Pin=C55-1
Added Pin To Net: NetName=GND Pin=C56-2
Added Pin To Net: NetName=GND Pin=C57-2
Added Pin To Net: NetName=GND Pin=IC1-4
Added Pin To Net: NetName=GND Pin=IC2-8
Added Pin To Net: NetName=GND Pin=IC3-12
Added Pin To Net: NetName=GND Pin=IC3-18
Added Pin To Net: NetName=GND Pin=IC3-31
Added Pin To Net: NetName=GND Pin=IC3-47
Added Pin To Net: NetName=GND Pin=IC3-63
Added Pin To Net: NetName=GND Pin=J2-4
Added Pin To Net: NetName=GND Pin=J3-2
Added Pin To Net: NetName=GND Pin=J4-2
Added Pin To Net: NetName=GND Pin=J5-2
Added Pin To Net: NetName=GND Pin=J6-2
Added Pin To Net: NetName=GND Pin=J7-4
Added Pin To Net: NetName=GND Pin=J8-2
Added Pin To Net: NetName=GND Pin=J9-A1
Added Pin To Net: NetName=GND Pin=J9-A12
Added Pin To Net: NetName=GND Pin=J9-B1
Added Pin To Net: NetName=GND Pin=J9-B12
Added Pin To Net: NetName=GND Pin=L2-1
Added Pin To Net: NetName=GND Pin=P4-9
Added Pin To Net: NetName=GND Pin=P4-10
Added Pin To Net: NetName=GND Pin=P5-9
Added Pin To Net: NetName=GND Pin=P5-10
Added Pin To Net: NetName=GND Pin=P7-1
Added Pin To Net: NetName=GND Pin=P7-2
Added Pin To Net: NetName=GND Pin=P10-9
Added Pin To Net: NetName=GND Pin=P10-10
Added Pin To Net: NetName=GND Pin=P14-1
Added Pin To Net: NetName=GND Pin=P14-2
Added Pin To Net: NetName=GND Pin=P15-9
Added Pin To Net: NetName=GND Pin=P15-10
Added Pin To Net: NetName=GND Pin=Q2-2
Added Pin To Net: NetName=GND Pin=Q3-2
Added Pin To Net: NetName=GND Pin=Q4-2
Added Pin To Net: NetName=GND Pin=Q5-2
Added Pin To Net: NetName=GND Pin=R3-1
Added Pin To Net: NetName=GND Pin=R5-1
Added Pin To Net: NetName=GND Pin=R20-1
Added Pin To Net: NetName=GND Pin=R21-1
Added Pin To Net: NetName=GND Pin=R26-1
Added Pin To Net: NetName=GND Pin=R27-1
Added Pin To Net: NetName=GND Pin=R38-1
Added Pin To Net: NetName=GND Pin=R39-1
Added Pin To Net: NetName=GND Pin=R40-1
Added Pin To Net: NetName=GND Pin=R41-1
Added Pin To Net: NetName=GND Pin=R42-1
Added Pin To Net: NetName=GND Pin=R43-1
Added Pin To Net: NetName=GND Pin=R47-2
Added Pin To Net: NetName=GND Pin=R55-1
Added Pin To Net: NetName=GND Pin=SW3-3
Added Pin To Net: NetName=GND Pin=SW6-2
Added Pin To Net: NetName=GND Pin=SW7-2
Added Pin To Net: NetName=GND Pin=SW8-2
Added Pin To Net: NetName=GND Pin=U1-33
Added Pin To Net: NetName=GND Pin=U2-2
Added Pin To Net: NetName=GND Pin=U3-2
Added Pin To Net: NetName=GND Pin=U4-2
Added Pin To Net: NetName=GND Pin=U4-3
Added Pin To Net: NetName=GND Pin=U4-6
Added Pin To Net: NetName=GND Pin=U4-7
Added Pin To Net: NetName=GND Pin=U5-7
Added Pin To Net: NetName=GND Pin=U5-9
Added Pin To Net: NetName=GND Pin=U6-3
Added Pin To Net: NetName=GND Pin=U7-2
Added Pin To Net: NetName=GND Pin=U7-5
Added Pin To Net: NetName=GND Pin=U8-3
Added Pin To Net: NetName=GND Pin=U9-1
Added Pin To Net: NetName=GND Pin=U9-5
Added Pin To Net: NetName=GND Pin=U9-10
Added Pin To Net: NetName=GND Pin=U9-11
Added Pin To Net: NetName=GND Pin=U9-13
Added Pin To Net: NetName=GND Pin=U9-15
Added Pin To Net: NetName=GND Pin=U9-25
Added Pin To Net: NetName=GND Pin=U9-35
Added Pin To Net: NetName=GND Pin=U9-47
Added Pin To Net: NetName=GND Pin=U9-51
Added Pin To Net: NetName=GND Pin=U10-7
Added Pin To Net: NetName=GND Pin=U10-9
Added Pin To Net: NetName=GND Pin=U10-11
Added Pin To Net: NetName=GND Pin=U10-13
Added Pin To Net: NetName=GND Pin=U11-2
Added Pin To Net: NetName=GND Pin=Y1-2
Added Pin To Net: NetName=GND Pin=Y1-4
Added Net: Name=GND
Added Pin To Net: NetName=NetC1_1 Pin=C1-1
Added Pin To Net: NetName=NetC1_1 Pin=U1-27
Added Pin To Net: NetName=NetC1_1 Pin=Y1-3
Added Net: Name=NetC1_1
Added Pin To Net: NetName=NetC2_2 Pin=C2-2
Added Pin To Net: NetName=NetC2_2 Pin=IC1-8
Added Net: Name=NetC2_2
Added Pin To Net: NetName=NetC3_1 Pin=C3-1
Added Pin To Net: NetName=NetC3_1 Pin=U1-28
Added Pin To Net: NetName=NetC3_1 Pin=Y1-1
Added Net: Name=NetC3_1
Added Pin To Net: NetName=NetC9_1 Pin=C9-1
Added Pin To Net: NetName=NetC9_1 Pin=C10-2
Added Net: Name=NetC9_1
Added Pin To Net: NetName=NetC9_2 Pin=C9-2
Added Pin To Net: NetName=NetC9_2 Pin=L2-2
Added Pin To Net: NetName=NetC9_2 Pin=U1-2
Added Net: Name=NetC9_2
Added Pin To Net: NetName=NetC18_1 Pin=C18-1
Added Pin To Net: NetName=NetC18_1 Pin=IC3-46
Added Net: Name=NetC18_1
Added Pin To Net: NetName=NetC19_1 Pin=C19-1
Added Pin To Net: NetName=NetC19_1 Pin=IC3-30
Added Net: Name=NetC19_1
Added Pin To Net: NetName=NetC25_2 Pin=C25-2
Added Pin To Net: NetName=NetC25_2 Pin=IC3-5
Added Pin To Net: NetName=NetC25_2 Pin=Y2-1
Added Net: Name=NetC25_2
Added Pin To Net: NetName=NetC26_2 Pin=C26-2
Added Pin To Net: NetName=NetC26_2 Pin=R62-1
Added Pin To Net: NetName=NetC26_2 Pin=Y2-3
Added Net: Name=NetC26_2
Added Pin To Net: NetName=NetC36_1 Pin=C36-1
Added Pin To Net: NetName=NetC36_1 Pin=C49-2
Added Pin To Net: NetName=NetC36_1 Pin=FB1-2
Added Pin To Net: NetName=NetC36_1 Pin=U9-9
Added Net: Name=NetC36_1
Added Pin To Net: NetName=NetC47_1 Pin=C47-1
Added Pin To Net: NetName=NetC47_1 Pin=C50-2
Added Pin To Net: NetName=NetC47_1 Pin=FB2-2
Added Pin To Net: NetName=NetC47_1 Pin=U9-4
Added Net: Name=NetC47_1
Added Pin To Net: NetName=NetC56_1 Pin=C56-1
Added Pin To Net: NetName=NetC56_1 Pin=U9-2
Added Net: Name=NetC56_1
Added Pin To Net: NetName=NetC57_1 Pin=C57-1
Added Pin To Net: NetName=NetC57_1 Pin=U9-3
Added Pin To Net: NetName=NetC57_1 Pin=Y3-2
Added Net: Name=NetC57_1
Added Pin To Net: NetName=NetD1_2 Pin=D1-2
Added Pin To Net: NetName=NetD1_2 Pin=R9-1
Added Net: Name=NetD1_2
Added Pin To Net: NetName=NetD1_3 Pin=D1-3
Added Pin To Net: NetName=NetD1_3 Pin=R12-1
Added Net: Name=NetD1_3
Added Pin To Net: NetName=NetD1_4 Pin=D1-4
Added Pin To Net: NetName=NetD1_4 Pin=R13-1
Added Net: Name=NetD1_4
Added Pin To Net: NetName=NetD2_1 Pin=D2-1
Added Pin To Net: NetName=NetD2_1 Pin=U9-29
Added Net: Name=NetD2_1
Added Pin To Net: NetName=NetD2_2 Pin=D2-2
Added Pin To Net: NetName=NetD2_2 Pin=R33-1
Added Net: Name=NetD2_2
Added Pin To Net: NetName=NetD3_1 Pin=D3-1
Added Pin To Net: NetName=NetD3_1 Pin=U9-54
Added Net: Name=NetD3_1
Added Pin To Net: NetName=NetD3_2 Pin=D3-2
Added Pin To Net: NetName=NetD3_2 Pin=R35-1
Added Net: Name=NetD3_2
Added Pin To Net: NetName=NetDS1_1 Pin=DS1-1
Added Pin To Net: NetName=NetDS1_1 Pin=R32-1
Added Net: Name=NetDS1_1
Added Pin To Net: NetName=NetDS1_2 Pin=DS1-2
Added Pin To Net: NetName=NetDS1_2 Pin=U9-30
Added Net: Name=NetDS1_2
Added Pin To Net: NetName=NetDS2_1 Pin=DS2-1
Added Pin To Net: NetName=NetDS2_1 Pin=R34-1
Added Net: Name=NetDS2_1
Added Pin To Net: NetName=NetDS2_2 Pin=DS2-2
Added Pin To Net: NetName=NetDS2_2 Pin=U9-55
Added Net: Name=NetDS2_2
Added Pin To Net: NetName=NetIC1_1 Pin=IC1-1
Added Pin To Net: NetName=NetIC1_1 Pin=U1-20
Added Net: Name=NetIC1_1
Added Pin To Net: NetName=NetIC1_2 Pin=IC1-2
Added Pin To Net: NetName=NetIC1_2 Pin=U1-22
Added Net: Name=NetIC1_2
Added Pin To Net: NetName=NetIC1_3 Pin=IC1-3
Added Pin To Net: NetName=NetIC1_3 Pin=IC1-5
Added Pin To Net: NetName=NetIC1_3 Pin=U1-19
Added Pin To Net: NetName=NetIC1_3 Pin=U1-23
Added Net: Name=NetIC1_3
Added Pin To Net: NetName=NetIC1_6 Pin=IC1-6
Added Pin To Net: NetName=NetIC1_6 Pin=R2-1
Added Net: Name=NetIC1_6
Added Pin To Net: NetName=NetIC1_7 Pin=IC1-7
Added Pin To Net: NetName=NetIC1_7 Pin=U1-18
Added Net: Name=NetIC1_7
Added Pin To Net: NetName=NetIC2_3 Pin=IC2-3
Added Pin To Net: NetName=NetIC2_3 Pin=P2-1
Added Pin To Net: NetName=NetIC2_3 Pin=Q5-3
Added Pin To Net: NetName=NetIC2_3 Pin=R60-1
Added Pin To Net: NetName=NetIC2_3 Pin=SW8-3
Added Pin To Net: NetName=NetIC2_3 Pin=U1-7
Added Net: Name=NetIC2_3
Added Pin To Net: NetName=NetIC2_4 Pin=IC2-4
Added Pin To Net: NetName=NetIC2_4 Pin=R1-1
Added Pin To Net: NetName=NetIC2_4 Pin=U6-6
Added Net: Name=NetIC2_4
Added Pin To Net: NetName=NetIC2_5 Pin=IC2-5
Added Pin To Net: NetName=NetIC2_5 Pin=U1-26
Added Pin To Net: NetName=NetIC2_5 Pin=U6-10
Added Net: Name=NetIC2_5
Added Pin To Net: NetName=NetIC2_6 Pin=IC2-6
Added Pin To Net: NetName=NetIC2_6 Pin=P3-1
Added Pin To Net: NetName=NetIC2_6 Pin=Q4-3
Added Pin To Net: NetName=NetIC2_6 Pin=R57-1
Added Pin To Net: NetName=NetIC2_6 Pin=SW7-3
Added Pin To Net: NetName=NetIC2_6 Pin=U1-15
Added Net: Name=NetIC2_6
Added Pin To Net: NetName=NetIC2_7 Pin=IC2-7
Added Pin To Net: NetName=NetIC2_7 Pin=R4-1
Added Pin To Net: NetName=NetIC2_7 Pin=U1-14
Added Net: Name=NetIC2_7
Added Pin To Net: NetName=NetIC3_6 Pin=IC3-6
Added Pin To Net: NetName=NetIC3_6 Pin=R62-2
Added Net: Name=NetIC3_6
Added Pin To Net: NetName=NetIC3_7 Pin=IC3-7
Added Pin To Net: NetName=NetIC3_7 Pin=P15-3
Added Net: Name=NetIC3_7
Added Pin To Net: NetName=NetIC3_14 Pin=IC3-14
Added Pin To Net: NetName=NetIC3_14 Pin=P5-7
Added Net: Name=NetIC3_14
Added Pin To Net: NetName=NetIC3_15 Pin=IC3-15
Added Pin To Net: NetName=NetIC3_15 Pin=P5-8
Added Net: Name=NetIC3_15
Added Pin To Net: NetName=NetIC3_16 Pin=IC3-16
Added Pin To Net: NetName=NetIC3_16 Pin=P15-7
Added Net: Name=NetIC3_16
Added Pin To Net: NetName=NetIC3_17 Pin=IC3-17
Added Pin To Net: NetName=NetIC3_17 Pin=P15-4
Added Net: Name=NetIC3_17
Added Pin To Net: NetName=NetIC3_20 Pin=IC3-20
Added Pin To Net: NetName=NetIC3_20 Pin=U4-12
Added Net: Name=NetIC3_20
Added Pin To Net: NetName=NetIC3_21 Pin=IC3-21
Added Pin To Net: NetName=NetIC3_21 Pin=U4-13
Added Net: Name=NetIC3_21
Added Pin To Net: NetName=NetIC3_22 Pin=IC3-22
Added Pin To Net: NetName=NetIC3_22 Pin=U4-1
Added Net: Name=NetIC3_22
Added Pin To Net: NetName=NetIC3_23 Pin=IC3-23
Added Pin To Net: NetName=NetIC3_23 Pin=U4-14
Added Net: Name=NetIC3_23
Added Pin To Net: NetName=NetIC3_24 Pin=IC3-24
Added Pin To Net: NetName=NetIC3_24 Pin=R16-1
Added Pin To Net: NetName=NetIC3_24 Pin=R18-2
Added Net: Name=NetIC3_24
Added Pin To Net: NetName=NetIC3_25 Pin=IC3-25
Added Pin To Net: NetName=NetIC3_25 Pin=R17-1
Added Pin To Net: NetName=NetIC3_25 Pin=R19-2
Added Net: Name=NetIC3_25
Added Pin To Net: NetName=NetIC3_26 Pin=IC3-26
Added Pin To Net: NetName=NetIC3_26 Pin=P15-8
Added Net: Name=NetIC3_26
Added Pin To Net: NetName=NetIC3_27 Pin=IC3-27
Added Pin To Net: NetName=NetIC3_27 Pin=P15-6
Added Net: Name=NetIC3_27
Added Pin To Net: NetName=NetIC3_28 Pin=IC3-28
Added Pin To Net: NetName=NetIC3_28 Pin=R22-1
Added Pin To Net: NetName=NetIC3_28 Pin=R24-2
Added Net: Name=NetIC3_28
Added Pin To Net: NetName=NetIC3_29 Pin=IC3-29
Added Pin To Net: NetName=NetIC3_29 Pin=R23-1
Added Pin To Net: NetName=NetIC3_29 Pin=R25-2
Added Net: Name=NetIC3_29
Added Pin To Net: NetName=NetIC3_33 Pin=IC3-33
Added Pin To Net: NetName=NetIC3_33 Pin=P4-5
Added Net: Name=NetIC3_33
Added Pin To Net: NetName=NetIC3_34 Pin=IC3-34
Added Pin To Net: NetName=NetIC3_34 Pin=P4-7
Added Net: Name=NetIC3_34
Added Pin To Net: NetName=NetIC3_35 Pin=IC3-35
Added Pin To Net: NetName=NetIC3_35 Pin=P4-6
Added Net: Name=NetIC3_35
Added Pin To Net: NetName=NetIC3_36 Pin=IC3-36
Added Pin To Net: NetName=NetIC3_36 Pin=P4-8
Added Net: Name=NetIC3_36
Added Pin To Net: NetName=NetIC3_37 Pin=IC3-37
Added Pin To Net: NetName=NetIC3_37 Pin=P14-7
Added Net: Name=NetIC3_37
Added Pin To Net: NetName=NetIC3_38 Pin=IC3-38
Added Pin To Net: NetName=NetIC3_38 Pin=P14-8
Added Net: Name=NetIC3_38
Added Pin To Net: NetName=NetIC3_39 Pin=IC3-39
Added Pin To Net: NetName=NetIC3_39 Pin=P4-4
Added Net: Name=NetIC3_39
Added Pin To Net: NetName=NetIC3_40 Pin=IC3-40
Added Pin To Net: NetName=NetIC3_40 Pin=P4-3
Added Net: Name=NetIC3_40
Added Pin To Net: NetName=NetIC3_41 Pin=IC3-41
Added Pin To Net: NetName=NetIC3_41 Pin=R29-1
Added Net: Name=NetIC3_41
Added Pin To Net: NetName=NetIC3_42 Pin=IC3-42
Added Pin To Net: NetName=NetIC3_42 Pin=R48-2
Added Net: Name=NetIC3_42
Added Pin To Net: NetName=NetIC3_43 Pin=IC3-43
Added Pin To Net: NetName=NetIC3_43 Pin=P14-3
Added Net: Name=NetIC3_43
Added Pin To Net: NetName=NetIC3_44 Pin=IC3-44
Added Pin To Net: NetName=NetIC3_44 Pin=P14-6
Added Net: Name=NetIC3_44
Added Pin To Net: NetName=NetIC3_45 Pin=IC3-45
Added Pin To Net: NetName=NetIC3_45 Pin=P14-4
Added Net: Name=NetIC3_45
Added Pin To Net: NetName=NetIC3_53 Pin=IC3-53
Added Pin To Net: NetName=NetIC3_53 Pin=P5-6
Added Net: Name=NetIC3_53
Added Pin To Net: NetName=NetIC3_54 Pin=IC3-54
Added Pin To Net: NetName=NetIC3_54 Pin=P5-4
Added Net: Name=NetIC3_54
Added Pin To Net: NetName=NetIC3_55 Pin=IC3-55
Added Pin To Net: NetName=NetIC3_55 Pin=P14-5
Added Net: Name=NetIC3_55
Added Pin To Net: NetName=NetIC3_56 Pin=IC3-56
Added Pin To Net: NetName=NetIC3_56 Pin=U4-9
Added Net: Name=NetIC3_56
Added Pin To Net: NetName=NetIC3_57 Pin=IC3-57
Added Pin To Net: NetName=NetIC3_57 Pin=U4-4
Added Net: Name=NetIC3_57
Added Pin To Net: NetName=NetIC3_58 Pin=IC3-58
Added Pin To Net: NetName=NetIC3_58 Pin=P5-3
Added Net: Name=NetIC3_58
Added Pin To Net: NetName=NetIC3_59 Pin=IC3-59
Added Pin To Net: NetName=NetIC3_59 Pin=P5-5
Added Net: Name=NetIC3_59
Added Pin To Net: NetName=NetIC3_60 Pin=IC3-60
Added Pin To Net: NetName=NetIC3_60 Pin=P15-5
Added Pin To Net: NetName=NetIC3_60 Pin=SW5-4
Added Net: Name=NetIC3_60
Added Pin To Net: NetName=NetIC3_61 Pin=IC3-61
Added Pin To Net: NetName=NetIC3_61 Pin=R30-1
Added Pin To Net: NetName=NetIC3_61 Pin=U6-7
Added Net: Name=NetIC3_61
Added Pin To Net: NetName=NetIC3_62 Pin=IC3-62
Added Pin To Net: NetName=NetIC3_62 Pin=R28-1
Added Net: Name=NetIC3_62
Added Pin To Net: NetName=NetJ2_1 Pin=J2-1
Added Pin To Net: NetName=NetJ2_1 Pin=R16-2
Added Net: Name=NetJ2_1
Added Pin To Net: NetName=NetJ2_2 Pin=J2-2
Added Pin To Net: NetName=NetJ2_2 Pin=R17-2
Added Net: Name=NetJ2_2
Added Pin To Net: NetName=NetJ7_1 Pin=J7-1
Added Pin To Net: NetName=NetJ7_1 Pin=R22-2
Added Net: Name=NetJ7_1
Added Pin To Net: NetName=NetJ7_2 Pin=J7-2
Added Pin To Net: NetName=NetJ7_2 Pin=R23-2
Added Net: Name=NetJ7_2
Added Pin To Net: NetName=NetJ9_1 Pin=J9-1
Added Pin To Net: NetName=NetJ9_1 Pin=J9-1
Added Pin To Net: NetName=NetJ9_1 Pin=J9-2
Added Pin To Net: NetName=NetJ9_1 Pin=J9-2
Added Pin To Net: NetName=NetJ9_1 Pin=J9-3
Added Pin To Net: NetName=NetJ9_1 Pin=J9-4
Added Pin To Net: NetName=NetJ9_1 Pin=R47-1
Added Net: Name=NetJ9_1
Added Pin To Net: NetName=NetJ9_A5 Pin=J9-A5
Added Pin To Net: NetName=NetJ9_A5 Pin=R39-2
Added Net: Name=NetJ9_A5
Added Pin To Net: NetName=NetJ9_A6 Pin=J9-A6
Added Pin To Net: NetName=NetJ9_A6 Pin=J9-B6
Added Pin To Net: NetName=NetJ9_A6 Pin=R52-1
Added Pin To Net: NetName=NetJ9_A6 Pin=U8-1
Added Net: Name=NetJ9_A6
Added Pin To Net: NetName=NetJ9_A7 Pin=J9-A7
Added Pin To Net: NetName=NetJ9_A7 Pin=J9-B7
Added Pin To Net: NetName=NetJ9_A7 Pin=R51-1
Added Pin To Net: NetName=NetJ9_A7 Pin=U8-2
Added Net: Name=NetJ9_A7
Added Pin To Net: NetName=NetJ9_B5 Pin=J9-B5
Added Pin To Net: NetName=NetJ9_B5 Pin=R43-2
Added Net: Name=NetJ9_B5
Added Pin To Net: NetName=NetL1_2 Pin=L1-2
Added Pin To Net: NetName=NetL1_2 Pin=U1-3
Added Pin To Net: NetName=NetL1_2 Pin=U1-4
Added Net: Name=NetL1_2
Added Pin To Net: NetName=NetP1_1 Pin=P1-1
Added Pin To Net: NetName=NetP1_1 Pin=U6-2
Added Net: Name=NetP1_1
Added Pin To Net: NetName=NetP1_2 Pin=P1-2
Added Pin To Net: NetName=NetP1_2 Pin=R54-2
Added Net: Name=NetP1_2
Added Pin To Net: NetName=NetP2_2 Pin=P2-2
Added Pin To Net: NetName=NetP2_2 Pin=R6-1
Added Net: Name=NetP2_2
Added Pin To Net: NetName=NetP3_2 Pin=P3-2
Added Pin To Net: NetName=NetP3_2 Pin=R7-1
Added Net: Name=NetP3_2
Added Pin To Net: NetName=NetP6_1 Pin=P6-1
Added Pin To Net: NetName=NetP6_1 Pin=R28-2
Added Pin To Net: NetName=NetP6_1 Pin=R31-1
Added Pin To Net: NetName=NetP6_1 Pin=U6-4
Added Pin To Net: NetName=NetP6_1 Pin=U6-9
Added Net: Name=NetP6_1
Added Pin To Net: NetName=NetP6_2 Pin=P6-2
Added Pin To Net: NetName=NetP6_2 Pin=U9-39
Added Net: Name=NetP6_2
Added Pin To Net: NetName=NetP8_1 Pin=P8-1
Added Pin To Net: NetName=NetP8_1 Pin=U9-18
Added Net: Name=NetP8_1
Added Pin To Net: NetName=NetP8_2 Pin=P8-2
Added Pin To Net: NetName=NetP8_2 Pin=R46-1
Added Net: Name=NetP8_2
Added Pin To Net: NetName=NetP9_1 Pin=P9-1
Added Pin To Net: NetName=NetP9_1 Pin=U7-3
Added Net: Name=NetP9_1
Added Pin To Net: NetName=NetP9_2 Pin=P9-2
Added Pin To Net: NetName=NetP9_2 Pin=R37-1
Added Pin To Net: NetName=NetP9_2 Pin=R42-2
Added Net: Name=NetP9_2
Added Pin To Net: NetName=NetP10_3 Pin=P10-3
Added Pin To Net: NetName=NetP10_3 Pin=U1-8
Added Net: Name=NetP10_3
Added Pin To Net: NetName=NetP10_5 Pin=P10-5
Added Pin To Net: NetName=NetP10_5 Pin=U1-16
Added Net: Name=NetP10_5
Added Pin To Net: NetName=NetP10_7 Pin=P10-7
Added Pin To Net: NetName=NetP10_7 Pin=U1-6
Added Net: Name=NetP10_7
Added Pin To Net: NetName=NetP11_1 Pin=P11-1
Added Pin To Net: NetName=NetP11_1 Pin=U9-21
Added Net: Name=NetP11_1
Added Pin To Net: NetName=NetP11_2 Pin=P11-2
Added Pin To Net: NetName=NetP11_2 Pin=U10-1
Added Net: Name=NetP11_2
Added Pin To Net: NetName=NetP12_1 Pin=P12-1
Added Pin To Net: NetName=NetP12_1 Pin=U10-3
Added Net: Name=NetP12_1
Added Pin To Net: NetName=NetP12_2 Pin=P12-2
Added Pin To Net: NetName=NetP12_2 Pin=U9-40
Added Net: Name=NetP12_2
Added Pin To Net: NetName=NetP13_1 Pin=P13-1
Added Pin To Net: NetName=NetP13_1 Pin=U10-5
Added Net: Name=NetP13_1
Added Pin To Net: NetName=NetP13_2 Pin=P13-2
Added Pin To Net: NetName=NetP13_2 Pin=U9-43
Added Net: Name=NetP13_2
Added Pin To Net: NetName=NetQ2_1 Pin=Q2-1
Added Pin To Net: NetName=NetQ2_1 Pin=R46-2
Added Net: Name=NetQ2_1
Added Pin To Net: NetName=NetQ2_3 Pin=Q2-3
Added Pin To Net: NetName=NetQ2_3 Pin=R44-1
Added Pin To Net: NetName=NetQ2_3 Pin=R45-1
Added Net: Name=NetQ2_3
Added Pin To Net: NetName=NetQ3_1 Pin=Q3-1
Added Pin To Net: NetName=NetQ3_1 Pin=R50-2
Added Net: Name=NetQ3_1
Added Pin To Net: NetName=NetQ3_3 Pin=Q3-3
Added Pin To Net: NetName=NetQ3_3 Pin=R49-1
Added Pin To Net: NetName=NetQ3_3 Pin=SW6-3
Added Net: Name=NetQ3_3
Added Pin To Net: NetName=NetQ4_1 Pin=Q4-1
Added Pin To Net: NetName=NetQ4_1 Pin=R58-2
Added Net: Name=NetQ4_1
Added Pin To Net: NetName=NetQ5_1 Pin=Q5-1
Added Pin To Net: NetName=NetQ5_1 Pin=R61-2
Added Net: Name=NetQ5_1
Added Pin To Net: NetName=NetR1_2 Pin=R1-2
Added Pin To Net: NetName=NetR1_2 Pin=U1-25
Added Net: Name=NetR1_2
Added Pin To Net: NetName=NetR2_2 Pin=R2-2
Added Pin To Net: NetName=NetR2_2 Pin=U1-21
Added Net: Name=NetR2_2
Added Pin To Net: NetName=NetR3_2 Pin=R3-2
Added Pin To Net: NetName=NetR3_2 Pin=U1-13
Added Net: Name=NetR3_2
Added Pin To Net: NetName=NetR5_2 Pin=R5-2
Added Pin To Net: NetName=NetR5_2 Pin=U1-31
Added Net: Name=NetR5_2
Added Pin To Net: NetName=NetR8_1 Pin=R8-1
Added Pin To Net: NetName=NetR8_1 Pin=U1-32
Added Net: Name=NetR8_1
Added Pin To Net: NetName=NetR9_2 Pin=R9-2
Added Pin To Net: NetName=NetR9_2 Pin=R10-1
Added Net: Name=NetR9_2
Added Pin To Net: NetName=NetR10_2 Pin=R10-2
Added Pin To Net: NetName=NetR10_2 Pin=U1-12
Added Net: Name=NetR10_2
Added Pin To Net: NetName=NetR12_2 Pin=R12-2
Added Pin To Net: NetName=NetR12_2 Pin=U1-10
Added Net: Name=NetR12_2
Added Pin To Net: NetName=NetR13_2 Pin=R13-2
Added Pin To Net: NetName=NetR13_2 Pin=U1-9
Added Net: Name=NetR13_2
Added Pin To Net: NetName=NetR18_1 Pin=R18-1
Added Pin To Net: NetName=NetR18_1 Pin=R20-2
Added Net: Name=NetR18_1
Added Pin To Net: NetName=NetR19_1 Pin=R19-1
Added Pin To Net: NetName=NetR19_1 Pin=R21-2
Added Net: Name=NetR19_1
Added Pin To Net: NetName=NetR24_1 Pin=R24-1
Added Pin To Net: NetName=NetR24_1 Pin=R26-2
Added Net: Name=NetR24_1
Added Pin To Net: NetName=NetR25_1 Pin=R25-1
Added Pin To Net: NetName=NetR25_1 Pin=R27-2
Added Net: Name=NetR25_1
Added Pin To Net: NetName=NetR29_2 Pin=R29-2
Added Pin To Net: NetName=NetR29_2 Pin=U9-17
Added Net: Name=NetR29_2
Added Pin To Net: NetName=NetR36_2 Pin=R36-2
Added Pin To Net: NetName=NetR36_2 Pin=U7-1
Added Net: Name=NetR36_2
Added Pin To Net: NetName=NetR38_2 Pin=R38-2
Added Pin To Net: NetName=NetR38_2 Pin=U7-4
Added Net: Name=NetR38_2
Added Pin To Net: NetName=NetR40_2 Pin=R40-2
Added Pin To Net: NetName=NetR40_2 Pin=SW3-4
Added Pin To Net: NetName=NetR40_2 Pin=SW3-5
Added Pin To Net: NetName=NetR40_2 Pin=SW3-6
Added Pin To Net: NetName=NetR40_2 Pin=SW3-7
Added Net: Name=NetR40_2
Added Pin To Net: NetName=NetR41_2 Pin=R41-2
Added Pin To Net: NetName=NetR41_2 Pin=SW4-4
Added Pin To Net: NetName=NetR41_2 Pin=SW4-5
Added Pin To Net: NetName=NetR41_2 Pin=SW4-6
Added Pin To Net: NetName=NetR41_2 Pin=SW4-7
Added Net: Name=NetR41_2
Added Pin To Net: NetName=NetR45_2 Pin=R45-2
Added Pin To Net: NetName=NetR45_2 Pin=SW5-3
Added Net: Name=NetR45_2
Added Pin To Net: NetName=NetR48_1 Pin=R48-1
Added Pin To Net: NetName=NetR48_1 Pin=U9-16
Added Net: Name=NetR48_1
Added Pin To Net: NetName=NetR50_1 Pin=R50-1
Added Pin To Net: NetName=NetR50_1 Pin=U10-2
Added Net: Name=NetR50_1
Added Pin To Net: NetName=NetR51_2 Pin=R51-2
Added Pin To Net: NetName=NetR51_2 Pin=U9-7
Added Net: Name=NetR51_2
Added Pin To Net: NetName=NetR52_2 Pin=R52-2
Added Pin To Net: NetName=NetR52_2 Pin=U9-8
Added Net: Name=NetR52_2
Added Pin To Net: NetName=NetR53_2 Pin=R53-2
Added Pin To Net: NetName=NetR53_2 Pin=U9-14
Added Net: Name=NetR53_2
Added Pin To Net: NetName=NetR54_1 Pin=R54-1
Added Pin To Net: NetName=NetR54_1 Pin=U9-38
Added Net: Name=NetR54_1
Added Pin To Net: NetName=NetR55_2 Pin=R55-2
Added Pin To Net: NetName=NetR55_2 Pin=U9-6
Added Net: Name=NetR55_2
Added Pin To Net: NetName=NetR56_1 Pin=R56-1
Added Pin To Net: NetName=NetR56_1 Pin=R59-1
Added Pin To Net: NetName=NetR56_1 Pin=U11-1
Added Net: Name=NetR56_1
Added Pin To Net: NetName=NetR58_1 Pin=R58-1
Added Pin To Net: NetName=NetR58_1 Pin=SW4-3
Added Pin To Net: NetName=NetR58_1 Pin=U10-4
Added Net: Name=NetR58_1
Added Pin To Net: NetName=NetR59_2 Pin=R59-2
Added Pin To Net: NetName=NetR59_2 Pin=U9-61
Added Pin To Net: NetName=NetR59_2 Pin=U11-3
Added Net: Name=NetR59_2
Added Pin To Net: NetName=NetR61_1 Pin=R61-1
Added Pin To Net: NetName=NetR61_1 Pin=U10-6
Added Net: Name=NetR61_1
Added Pin To Net: NetName=NetSW3_1 Pin=SW3-1
Added Pin To Net: NetName=NetSW3_1 Pin=SW4-2
Added Net: Name=NetSW3_1
Added Pin To Net: NetName=NetSW4_1 Pin=SW4-1
Added Pin To Net: NetName=NetSW4_1 Pin=U6-1
Added Pin To Net: NetName=NetSW4_1 Pin=U6-5
Added Net: Name=NetSW4_1
Added Pin To Net: NetName=NetU1_24 Pin=U1-24
Added Net: Name=NetU1_24
Added Pin To Net: NetName=NetU9_62 Pin=U9-62
Added Pin To Net: NetName=NetU9_62 Pin=U11-4
Added Net: Name=NetU9_62
Added Pin To Net: NetName=NetU9_63 Pin=U9-63
Added Pin To Net: NetName=NetU9_63 Pin=U11-5
Added Net: Name=NetU9_63
Added Pin To Net: NetName=VCORE Pin=C40-2
Added Pin To Net: NetName=VCORE Pin=C41-2
Added Pin To Net: NetName=VCORE Pin=C42-2
Added Pin To Net: NetName=VCORE Pin=C48-1
Added Pin To Net: NetName=VCORE Pin=C52-2
Added Pin To Net: NetName=VCORE Pin=U9-12
Added Pin To Net: NetName=VCORE Pin=U9-37
Added Pin To Net: NetName=VCORE Pin=U9-49
Added Pin To Net: NetName=VCORE Pin=U9-64
Added Net: Name=VCORE
